<?xml version="1.0" encoding="UTF-8"?>
<!-- Generated by org.testng.reporters.JUnitReportReporter -->
<testsuite hostname="DESKTOP-06LRG85" failures="0" tests="1" name="com.TestShop.testDangKy" time="35.597" errors="0" timestamp="2021-05-16T11:12:50 ICT" skipped="0">
  <testcase classname="com.TestShop.testDangKy" name="test_DangKy" time="35.597"/>
  <system-out/>
</testsuite> <!-- com.TestShop.testDangKy -->
