<?xml version="1.0" encoding="UTF-8"?>
<!-- Generated by org.testng.reporters.JUnitReportReporter -->
<testsuite hostname="DESKTOP-06LRG85" failures="0" tests="2" name="com.TestShop.testDangNhap" time="5.805" errors="0" timestamp="2021-05-12T20:03:09 ICT" skipped="0">
  <testcase classname="com.TestShop.testDangNhap" name="testTrueTKMK" time="2.788"/>
  <system-out/>
  <testcase classname="com.TestShop.testDangNhap" name="testFalseTKMK" time="3.017"/>
  <system-out/>
</testsuite> <!-- com.TestShop.testDangNhap -->
