<?xml version="1.0" encoding="UTF-8"?>
<!-- Generated by org.testng.reporters.JUnitReportReporter -->
<testsuite hostname="DESKTOP-06LRG85" failures="0" tests="1" name="com.TestShop.testNhapTimKiem" time="4.309" errors="0" timestamp="2021-05-12T22:12:07 ICT" skipped="0">
  <testcase classname="com.TestShop.testNhapTimKiem" name="testNhapThanhTimKiem" time="4.309"/>
  <system-out/>
</testsuite> <!-- com.TestShop.testNhapTimKiem -->
