<?xml version="1.0" encoding="UTF-8"?>
<!-- Generated by org.testng.reporters.JUnitReportReporter -->
<testsuite hostname="DESKTOP-06LRG85" failures="0" tests="1" name="com.TestAdmin.testSanPham" time="38.294" errors="0" timestamp="2021-05-23T20:57:04 ICT" skipped="0">
  <testcase classname="com.TestAdmin.testSanPham" name="testRepairSanPham" time="38.294"/>
  <system-out/>
</testsuite> <!-- com.TestAdmin.testSanPham -->
