<?xml version="1.0" encoding="UTF-8"?>
<!-- Generated by org.testng.reporters.JUnitReportReporter -->
<testsuite hostname="DESKTOP-06LRG85" failures="0" tests="1" name="com.TestShop.testDangNhap" time="8.654" errors="0" timestamp="2021-05-20T22:07:01 ICT" skipped="0">
  <testcase classname="com.TestShop.testDangNhap" name="test_DangNhap" time="8.654"/>
  <system-out/>
</testsuite> <!-- com.TestShop.testDangNhap -->
