<?xml version="1.0" encoding="UTF-8"?>
<!-- Generated by org.testng.reporters.JUnitReportReporter -->
<<<<<<< HEAD
<testsuite hostname="DESKTOP-NJ3TTG3" failures="0" tests="3" name="com.TestShop.testDangNhap" time="15.136" errors="0" timestamp="2021-05-12T22:49:34 ICT" skipped="0">
  <testcase classname="com.TestShop.testDangNhap" name="testNhapDungTKMK" time="8.298"/>
  <system-out/>
  <testcase classname="com.TestShop.testDangNhap" name="testNhapSaiTaiKhoan" time="3.307"/>
  <system-out/>
  <testcase classname="com.TestShop.testDangNhap" name="testNhapSaiMatKhau" time="3.531"/>
=======
<testsuite hostname="DESKTOP-06LRG85" failures="0" tests="3" name="com.TestShop.testDangNhap" time="9.182" errors="0" timestamp="2021-05-12T22:46:00 ICT" skipped="0">
  <testcase classname="com.TestShop.testDangNhap" name="testNhapDungTKMK" time="3.470"/>
  <system-out/>
  <testcase classname="com.TestShop.testDangNhap" name="testNhapSaiTaiKhoan" time="2.910"/>
  <system-out/>
  <testcase classname="com.TestShop.testDangNhap" name="testNhapSaiMatKhau" time="2.802"/>
>>>>>>> 441dc09bc746c733f31f027bba93102d892e6516
  <system-out/>
</testsuite> <!-- com.TestShop.testDangNhap -->
