<?xml version="1.0" encoding="UTF-8"?>
<!-- Generated by org.testng.reporters.JUnitReportReporter -->
<testsuite hostname="DESKTOP-06LRG85" failures="0" tests="1" name="com.TestShop.testDatHang" time="50.281" errors="0" timestamp="2021-05-20T09:57:38 ICT" skipped="0">
  <testcase classname="com.TestShop.testDatHang" name="test_DatHang" time="50.281"/>
  <system-out/>
</testsuite> <!-- com.TestShop.testDatHang -->
