<?xml version="1.0" encoding="UTF-8"?>
<!-- Generated by org.testng.reporters.JUnitReportReporter -->
<testsuite hostname="DESKTOP-06LRG85" failures="0" tests="1" name="com.TestShop.testDangNhap" time="7.909" errors="0" timestamp="2021-05-16T04:59:12 ICT" skipped="0">
  <testcase classname="com.TestShop.testDangNhap" name="test_DangNhap" time="7.909"/>
  <system-out/>
</testsuite> <!-- com.TestShop.testDangNhap -->
