<?xml version="1.0" encoding="UTF-8"?>
<!-- Generated by org.testng.reporters.JUnitReportReporter -->
<testsuite hostname="DESKTOP-06LRG85" failures="0" tests="3" name="com.TestShop.testDangNhap" time="9.182" errors="0" timestamp="2021-05-12T22:46:00 ICT" skipped="0">
  <testcase classname="com.TestShop.testDangNhap" name="testNhapDungTKMK" time="3.470"/>
  <system-out/>
  <testcase classname="com.TestShop.testDangNhap" name="testNhapSaiTaiKhoan" time="2.910"/>
  <system-out/>
  <testcase classname="com.TestShop.testDangNhap" name="testNhapSaiMatKhau" time="2.802"/>
  <system-out/>
</testsuite> <!-- com.TestShop.testDangNhap -->
