<?xml version="1.0" encoding="UTF-8"?>
<!-- Generated by org.testng.reporters.JUnitReportReporter -->
<testsuite hostname="DESKTOP-06LRG85" failures="0" tests="1" name="com.TestAdmin.testProductType" time="15.050" errors="0" timestamp="2021-05-20T23:21:42 ICT" skipped="0">
  <testcase classname="com.TestAdmin.testProductType" name="testSuaLoaiSanPham" time="15.050"/>
  <system-out/>
</testsuite> <!-- com.TestAdmin.testProductType -->
