<?xml version="1.0" encoding="UTF-8"?>
<!-- Generated by org.testng.reporters.JUnitReportReporter -->
<testsuite hostname="DESKTOP-06LRG85" failures="0" tests="1" name="com.TestAdmin.testDangNhapAdmin" time="17.378" errors="0" timestamp="2021-05-20T17:27:52 ICT" skipped="0">
  <testcase classname="com.TestAdmin.testDangNhapAdmin" name="test_DangNhapAdmin" time="17.378"/>
  <system-out/>
</testsuite> <!-- com.TestAdmin.testDangNhapAdmin -->
