<?xml version="1.0" encoding="UTF-8"?>
<!-- Generated by org.testng.reporters.JUnitReportReporter -->
<<<<<<< HEAD
<testsuite hostname="DESKTOP-NJ3TTG3" failures="0" tests="1" name="com.TestShop.testNhapTimKiem" time="4.312" errors="0" timestamp="2021-05-12T22:49:34 ICT" skipped="0">
  <testcase classname="com.TestShop.testNhapTimKiem" name="testNhapThanhTimKiem" time="4.312"/>
=======
<testsuite hostname="DESKTOP-06LRG85" failures="0" tests="1" name="com.TestShop.testNhapTimKiem" time="3.616" errors="0" timestamp="2021-05-12T22:46:00 ICT" skipped="0">
  <testcase classname="com.TestShop.testNhapTimKiem" name="testNhapThanhTimKiem" time="3.616"/>
>>>>>>> 441dc09bc746c733f31f027bba93102d892e6516
  <system-out/>
</testsuite> <!-- com.TestShop.testNhapTimKiem -->
