<?xml version="1.0" encoding="UTF-8"?>
<!-- Generated by org.testng.reporters.JUnitReportReporter -->
<testsuite hostname="DESKTOP-NJ3TTG3" failures="0" tests="3" name="com.TestShop.testDangNhap" time="15.136" errors="0" timestamp="2021-05-12T22:49:34 ICT" skipped="0">
  <testcase classname="com.TestShop.testDangNhap" name="testNhapDungTKMK" time="8.298"/>
  <system-out/>
  <testcase classname="com.TestShop.testDangNhap" name="testNhapSaiTaiKhoan" time="3.307"/>
  <system-out/>
  <testcase classname="com.TestShop.testDangNhap" name="testNhapSaiMatKhau" time="3.531"/>
  <system-out/>
</testsuite> <!-- com.TestShop.testDangNhap -->
