<?xml version="1.0" encoding="UTF-8"?>
<!-- Generated by org.testng.reporters.JUnitReportReporter -->
<testsuite hostname="DESKTOP-06LRG85" failures="0" tests="2" name="com.TestShop.testShop" time="7.656" errors="0" timestamp="2021-05-12T23:58:07 ICT" skipped="0">
  <testcase classname="com.TestShop.testShop" name="testChonTacGia" time="4.349"/>
  <system-out/>
  <testcase classname="com.TestShop.testShop" name="testChonLoaiSanPham" time="3.307"/>
  <system-out/>
</testsuite> <!-- com.TestShop.testShop -->
